Started GET "/" for ::1 at 2017-11-27 18:10:51 +0530
Processing by Rails::WelcomeController#index as HTML
  Parameters: {"internal"=>true}
  Rendering /home/saawan/.rvm/gems/ruby-2.3.0@subscription/gems/railties-5.0.6/lib/rails/templates/rails/welcome/index.html.erb
  Rendered /home/saawan/.rvm/gems/ruby-2.3.0@subscription/gems/railties-5.0.6/lib/rails/templates/rails/welcome/index.html.erb (3.4ms)
Completed 200 OK in 17ms (Views: 8.1ms | ActiveRecord: 0.0ms)


Started GET "/" for ::1 at 2017-11-27 18:13:24 +0530
Processing by WelcomeController#index as HTML
  Rendering welcome/index.html.erb within layouts/application
  Rendered welcome/index.html.erb within layouts/application (1.1ms)
Completed 200 OK in 1459ms (Views: 1451.8ms | ActiveRecord: 0.0ms)


Started GET "/" for ::1 at 2017-11-27 19:10:01 +0530
  
Gem::LoadError (Specified 'postgresql' for database adapter, but the gem is not loaded. Add `gem 'pg'` to your Gemfile (and ensure its version is at the minimum required by ActiveRecord).):
  
activerecord (5.0.6) lib/active_record/connection_adapters/connection_specification.rb:176:in `rescue in spec'
activerecord (5.0.6) lib/active_record/connection_adapters/connection_specification.rb:173:in `spec'
activerecord (5.0.6) lib/active_record/connection_handling.rb:53:in `establish_connection'
activerecord (5.0.6) lib/active_record/railtie.rb:125:in `block (2 levels) in <class:Railtie>'
activesupport (5.0.6) lib/active_support/lazy_load_hooks.rb:69:in `instance_eval'
activesupport (5.0.6) lib/active_support/lazy_load_hooks.rb:69:in `block in execute_hook'
activesupport (5.0.6) lib/active_support/lazy_load_hooks.rb:60:in `with_execution_control'
activesupport (5.0.6) lib/active_support/lazy_load_hooks.rb:65:in `execute_hook'
activesupport (5.0.6) lib/active_support/lazy_load_hooks.rb:50:in `block in run_load_hooks'
activesupport (5.0.6) lib/active_support/lazy_load_hooks.rb:49:in `each'
activesupport (5.0.6) lib/active_support/lazy_load_hooks.rb:49:in `run_load_hooks'
activerecord (5.0.6) lib/active_record/base.rb:324:in `<module:ActiveRecord>'
activerecord (5.0.6) lib/active_record/base.rb:24:in `<top (required)>'
activesupport (5.0.6) lib/active_support/dependencies.rb:293:in `require'
activesupport (5.0.6) lib/active_support/dependencies.rb:293:in `block in require'
activesupport (5.0.6) lib/active_support/dependencies.rb:259:in `load_dependency'
activesupport (5.0.6) lib/active_support/dependencies.rb:293:in `require'
activerecord (5.0.6) lib/active_record/migration.rb:559:in `connection'
activerecord (5.0.6) lib/active_record/migration.rb:546:in `call'
actionpack (5.0.6) lib/action_dispatch/middleware/callbacks.rb:38:in `block in call'
activesupport (5.0.6) lib/active_support/callbacks.rb:97:in `__run_callbacks__'
activesupport (5.0.6) lib/active_support/callbacks.rb:750:in `_run_call_callbacks'
activesupport (5.0.6) lib/active_support/callbacks.rb:90:in `run_callbacks'
actionpack (5.0.6) lib/action_dispatch/middleware/callbacks.rb:36:in `call'
actionpack (5.0.6) lib/action_dispatch/middleware/executor.rb:12:in `call'
actionpack (5.0.6) lib/action_dispatch/middleware/remote_ip.rb:79:in `call'
actionpack (5.0.6) lib/action_dispatch/middleware/debug_exceptions.rb:49:in `call'
web-console (3.5.1) lib/web_console/middleware.rb:135:in `call_app'
web-console (3.5.1) lib/web_console/middleware.rb:28:in `block in call'
web-console (3.5.1) lib/web_console/middleware.rb:18:in `catch'
web-console (3.5.1) lib/web_console/middleware.rb:18:in `call'
actionpack (5.0.6) lib/action_dispatch/middleware/show_exceptions.rb:31:in `call'
railties (5.0.6) lib/rails/rack/logger.rb:36:in `call_app'
railties (5.0.6) lib/rails/rack/logger.rb:24:in `block in call'
activesupport (5.0.6) lib/active_support/tagged_logging.rb:69:in `block in tagged'
activesupport (5.0.6) lib/active_support/tagged_logging.rb:26:in `tagged'
activesupport (5.0.6) lib/active_support/tagged_logging.rb:69:in `tagged'
railties (5.0.6) lib/rails/rack/logger.rb:24:in `call'
sprockets-rails (3.2.1) lib/sprockets/rails/quiet_assets.rb:13:in `call'
actionpack (5.0.6) lib/action_dispatch/middleware/request_id.rb:24:in `call'
rack (2.0.3) lib/rack/method_override.rb:22:in `call'
rack (2.0.3) lib/rack/runtime.rb:22:in `call'
activesupport (5.0.6) lib/active_support/cache/strategy/local_cache_middleware.rb:28:in `call'
actionpack (5.0.6) lib/action_dispatch/middleware/executor.rb:12:in `call'
actionpack (5.0.6) lib/action_dispatch/middleware/static.rb:136:in `call'
rack (2.0.3) lib/rack/sendfile.rb:111:in `call'
railties (5.0.6) lib/rails/engine.rb:522:in `call'
puma (3.11.0) lib/puma/configuration.rb:225:in `call'
puma (3.11.0) lib/puma/server.rb:624:in `handle_request'
puma (3.11.0) lib/puma/server.rb:438:in `process_client'
puma (3.11.0) lib/puma/server.rb:302:in `block in run'
puma (3.11.0) lib/puma/thread_pool.rb:120:in `block in spawn_thread'
  Rendering /home/saawan/.rvm/gems/ruby-2.3.0@mailfixx/gems/actionpack-5.0.6/lib/action_dispatch/middleware/templates/rescues/diagnostics.html.erb within rescues/layout
  Rendering /home/saawan/.rvm/gems/ruby-2.3.0@mailfixx/gems/actionpack-5.0.6/lib/action_dispatch/middleware/templates/rescues/_source.html.erb
  Rendered /home/saawan/.rvm/gems/ruby-2.3.0@mailfixx/gems/actionpack-5.0.6/lib/action_dispatch/middleware/templates/rescues/_source.html.erb (2.2ms)
  Rendering /home/saawan/.rvm/gems/ruby-2.3.0@mailfixx/gems/actionpack-5.0.6/lib/action_dispatch/middleware/templates/rescues/_trace.html.erb
  Rendered /home/saawan/.rvm/gems/ruby-2.3.0@mailfixx/gems/actionpack-5.0.6/lib/action_dispatch/middleware/templates/rescues/_trace.html.erb (1.3ms)
  Rendering /home/saawan/.rvm/gems/ruby-2.3.0@mailfixx/gems/actionpack-5.0.6/lib/action_dispatch/middleware/templates/rescues/_request_and_response.html.erb
  Rendered /home/saawan/.rvm/gems/ruby-2.3.0@mailfixx/gems/actionpack-5.0.6/lib/action_dispatch/middleware/templates/rescues/_request_and_response.html.erb (0.7ms)
  Rendered /home/saawan/.rvm/gems/ruby-2.3.0@mailfixx/gems/actionpack-5.0.6/lib/action_dispatch/middleware/templates/rescues/diagnostics.html.erb within rescues/layout (21.3ms)
Started GET "/" for ::1 at 2017-11-27 19:11:21 +0530
Processing by WelcomeController#index as HTML
  Rendering welcome/index.html.erb within layouts/application
  Rendered welcome/index.html.erb within layouts/application (0.9ms)
Completed 200 OK in 408ms (Views: 399.1ms | ActiveRecord: 0.0ms)


